  Pokemon.cpp
C:\Program Files\Microsoft Visual Studio\2022\Community\VC\Tools\MSVC\14.31.31103\include\utility(190,48): warning C4267: '초기화 중': 'size_t'에서 '_Ty2'(으)로 변환하면서 데이터가 손실될 수 있습니다.
          with
          [
              _Ty2=int
          ]
C:\Program Files\Microsoft Visual Studio\2022\Community\VC\Tools\MSVC\14.31.31103\include\xmemory(673): message : 컴파일되는 함수 템플릿 인스턴스화 'std::pair<const std::string,int>::pair<std::string&,_Ty,0>(_Other1,_Other2 &&) noexcept(false)'에 대한 참조를 확인하세요.
          with
          [
              _Ty=unsigned __int64,
              _Other1=std::string &,
              _Other2=unsigned __int64
          ]
C:\Program Files\Microsoft Visual Studio\2022\Community\VC\Tools\MSVC\14.31.31103\include\xmemory(680): message : 컴파일되는 함수 템플릿 인스턴스화 'std::pair<const std::string,int>::pair<std::string&,_Ty,0>(_Other1,_Other2 &&) noexcept(false)'에 대한 참조를 확인하세요.
          with
          [
              _Ty=unsigned __int64,
              _Other1=std::string &,
              _Other2=unsigned __int64
          ]
C:\Program Files\Microsoft Visual Studio\2022\Community\VC\Tools\MSVC\14.31.31103\include\xtree(804): message : 컴파일되는 함수 템플릿 인스턴스화 'void std::_Default_allocator_traits<_Alloc>::construct<_Ty,std::string&,unsigned __int64>(_Alloc &,_Objty *const ,std::string &,unsigned __int64 &&)'에 대한 참조를 확인하세요.
          with
          [
              _Alloc=std::allocator<std::_Tree_node<std::pair<const std::string,int>,std::_Default_allocator_traits<std::allocator<std::pair<const std::string,int>>>::void_pointer>>,
              _Ty=std::pair<const std::string,int>,
              _Objty=std::pair<const std::string,int>
          ]
C:\Program Files\Microsoft Visual Studio\2022\Community\VC\Tools\MSVC\14.31.31103\include\xtree(805): message : 컴파일되는 함수 템플릿 인스턴스화 'void std::_Default_allocator_traits<_Alloc>::construct<_Ty,std::string&,unsigned __int64>(_Alloc &,_Objty *const ,std::string &,unsigned __int64 &&)'에 대한 참조를 확인하세요.
          with
          [
              _Alloc=std::allocator<std::_Tree_node<std::pair<const std::string,int>,std::_Default_allocator_traits<std::allocator<std::pair<const std::string,int>>>::void_pointer>>,
              _Ty=std::pair<const std::string,int>,
              _Objty=std::pair<const std::string,int>
          ]
C:\Program Files\Microsoft Visual Studio\2022\Community\VC\Tools\MSVC\14.31.31103\include\xtree(996): message : 컴파일되는 함수 템플릿 인스턴스화 'std::_Tree_temp_node<std::allocator<std::_Tree_node<std::pair<const std::string,int>,std::_Default_allocator_traits<_Alloc>::void_pointer>>>::_Tree_temp_node<std::string&,_Ty>(_Alnode &,std::_Tree_node<std::pair<const std::string,int>,std::_Default_allocator_traits<_Alloc>::void_pointer> *,std::string &,_Ty &&)'에 대한 참조를 확인하세요.
          with
          [
              _Alloc=std::allocator<std::pair<const std::string,int>>,
              _Ty=unsigned __int64,
              _Alnode=std::allocator<std::_Tree_node<std::pair<const std::string,int>,std::_Default_allocator_traits<std::allocator<std::pair<const std::string,int>>>::void_pointer>>
          ]
C:\Program Files\Microsoft Visual Studio\2022\Community\VC\Tools\MSVC\14.31.31103\include\xtree(1009): message : 컴파일되는 함수 템플릿 인스턴스화 'std::_Tree_temp_node<std::allocator<std::_Tree_node<std::pair<const std::string,int>,std::_Default_allocator_traits<_Alloc>::void_pointer>>>::_Tree_temp_node<std::string&,_Ty>(_Alnode &,std::_Tree_node<std::pair<const std::string,int>,std::_Default_allocator_traits<_Alloc>::void_pointer> *,std::string &,_Ty &&)'에 대한 참조를 확인하세요.
          with
          [
              _Alloc=std::allocator<std::pair<const std::string,int>>,
              _Ty=unsigned __int64,
              _Alnode=std::allocator<std::_Tree_node<std::pair<const std::string,int>,std::_Default_allocator_traits<std::allocator<std::pair<const std::string,int>>>::void_pointer>>
          ]
C:\Program Files\Microsoft Visual Studio\2022\Community\VC\Tools\MSVC\14.31.31103\include\xtree(1033): message : 컴파일되는 함수 템플릿 인스턴스화 'std::pair<std::_Tree_node<std::pair<const std::string,int>,std::_Default_allocator_traits<_Alloc>::void_pointer> *,bool> std::_Tree<std::_Tmap_traits<_Kty,_Ty,_Pr,_Alloc,false>>::_Emplace<std::string&,unsigned __int64>(std::string &,unsigned __int64 &&)'에 대한 참조를 확인하세요.
          with
          [
              _Alloc=std::allocator<std::pair<const std::string,int>>,
              _Kty=std::string,
              _Ty=int,
              _Pr=std::less<std::string>
          ]
C:\Program Files\Microsoft Visual Studio\2022\Community\VC\Tools\MSVC\14.31.31103\include\xtree(1034): message : 컴파일되는 함수 템플릿 인스턴스화 'std::pair<std::_Tree_node<std::pair<const std::string,int>,std::_Default_allocator_traits<_Alloc>::void_pointer> *,bool> std::_Tree<std::_Tmap_traits<_Kty,_Ty,_Pr,_Alloc,false>>::_Emplace<std::string&,unsigned __int64>(std::string &,unsigned __int64 &&)'에 대한 참조를 확인하세요.
          with
          [
              _Alloc=std::allocator<std::pair<const std::string,int>>,
              _Kty=std::string,
              _Ty=int,
              _Pr=std::less<std::string>
          ]
D:\C++\CppStudy\DataStructure\20230616_DataStructure\Pokemon.cpp(16): message : 컴파일되는 함수 템플릿 인스턴스화 'std::pair<std::_Tree_iterator<std::_Tree_val<std::_Tree_simple_types<std::pair<const std::string,int>>>>,bool> std::_Tree<std::_Tmap_traits<_Kty,_Ty,_Pr,_Alloc,false>>::emplace<std::string&,unsigned __int64>(std::string &,unsigned __int64 &&)'에 대한 참조를 확인하세요.
          with
          [
              _Kty=std::string,
              _Ty=int,
              _Pr=std::less<std::string>,
              _Alloc=std::allocator<std::pair<const std::string,int>>
          ]
D:\C++\CppStudy\DataStructure\20230616_DataStructure\Pokemon.cpp(16): message : 컴파일되는 함수 템플릿 인스턴스화 'std::pair<std::_Tree_iterator<std::_Tree_val<std::_Tree_simple_types<std::pair<const std::string,int>>>>,bool> std::_Tree<std::_Tmap_traits<_Kty,_Ty,_Pr,_Alloc,false>>::emplace<std::string&,unsigned __int64>(std::string &,unsigned __int64 &&)'에 대한 참조를 확인하세요.
          with
          [
              _Kty=std::string,
              _Ty=int,
              _Pr=std::less<std::string>,
              _Alloc=std::allocator<std::pair<const std::string,int>>
          ]
C:\Program Files\Microsoft Visual Studio\2022\Community\VC\Tools\MSVC\14.31.31103\include\utility(190,48): warning C4267: '초기화 중': 'size_t'에서 '_Ty1'(으)로 변환하면서 데이터가 손실될 수 있습니다.
          with
          [
              _Ty1=const int
          ]
C:\Program Files\Microsoft Visual Studio\2022\Community\VC\Tools\MSVC\14.31.31103\include\xmemory(673): message : 컴파일되는 함수 템플릿 인스턴스화 'std::pair<const int,std::string>::pair<_Ty,std::string&,0>(_Other1 &&,_Other2) noexcept(false)'에 대한 참조를 확인하세요.
          with
          [
              _Ty=unsigned __int64,
              _Other1=unsigned __int64,
              _Other2=std::string &
          ]
C:\Program Files\Microsoft Visual Studio\2022\Community\VC\Tools\MSVC\14.31.31103\include\xmemory(680): message : 컴파일되는 함수 템플릿 인스턴스화 'std::pair<const int,std::string>::pair<_Ty,std::string&,0>(_Other1 &&,_Other2) noexcept(false)'에 대한 참조를 확인하세요.
          with
          [
              _Ty=unsigned __int64,
              _Other1=unsigned __int64,
              _Other2=std::string &
          ]
C:\Program Files\Microsoft Visual Studio\2022\Community\VC\Tools\MSVC\14.31.31103\include\xtree(804): message : 컴파일되는 함수 템플릿 인스턴스화 'void std::_Default_allocator_traits<_Alloc>::construct<_Ty,unsigned __int64,std::string&>(_Alloc &,_Objty *const ,unsigned __int64 &&,std::string &)'에 대한 참조를 확인하세요.
          with
          [
              _Alloc=std::allocator<std::_Tree_node<std::pair<const int,std::string>,std::_Default_allocator_traits<std::allocator<std::pair<const int,std::string>>>::void_pointer>>,
              _Ty=std::pair<const int,std::string>,
              _Objty=std::pair<const int,std::string>
          ]
C:\Program Files\Microsoft Visual Studio\2022\Community\VC\Tools\MSVC\14.31.31103\include\xtree(805): message : 컴파일되는 함수 템플릿 인스턴스화 'void std::_Default_allocator_traits<_Alloc>::construct<_Ty,unsigned __int64,std::string&>(_Alloc &,_Objty *const ,unsigned __int64 &&,std::string &)'에 대한 참조를 확인하세요.
          with
          [
              _Alloc=std::allocator<std::_Tree_node<std::pair<const int,std::string>,std::_Default_allocator_traits<std::allocator<std::pair<const int,std::string>>>::void_pointer>>,
              _Ty=std::pair<const int,std::string>,
              _Objty=std::pair<const int,std::string>
          ]
C:\Program Files\Microsoft Visual Studio\2022\Community\VC\Tools\MSVC\14.31.31103\include\xtree(996): message : 컴파일되는 함수 템플릿 인스턴스화 'std::_Tree_temp_node<std::allocator<std::_Tree_node<std::pair<const int,std::string>,std::_Default_allocator_traits<_Alloc>::void_pointer>>>::_Tree_temp_node<_Ty,std::string&>(_Alnode &,std::_Tree_node<std::pair<const int,std::string>,std::_Default_allocator_traits<_Alloc>::void_pointer> *,_Ty &&,std::string &)'에 대한 참조를 확인하세요.
          with
          [
              _Alloc=std::allocator<std::pair<const int,std::string>>,
              _Ty=unsigned __int64,
              _Alnode=std::allocator<std::_Tree_node<std::pair<const int,std::string>,std::_Default_allocator_traits<std::allocator<std::pair<const int,std::string>>>::void_pointer>>
          ]
C:\Program Files\Microsoft Visual Studio\2022\Community\VC\Tools\MSVC\14.31.31103\include\xtree(1012): message : 컴파일되는 함수 템플릿 인스턴스화 'std::_Tree_temp_node<std::allocator<std::_Tree_node<std::pair<const int,std::string>,std::_Default_allocator_traits<_Alloc>::void_pointer>>>::_Tree_temp_node<_Ty,std::string&>(_Alnode &,std::_Tree_node<std::pair<const int,std::string>,std::_Default_allocator_traits<_Alloc>::void_pointer> *,_Ty &&,std::string &)'에 대한 참조를 확인하세요.
          with
          [
              _Alloc=std::allocator<std::pair<const int,std::string>>,
              _Ty=unsigned __int64,
              _Alnode=std::allocator<std::_Tree_node<std::pair<const int,std::string>,std::_Default_allocator_traits<std::allocator<std::pair<const int,std::string>>>::void_pointer>>
          ]
C:\Program Files\Microsoft Visual Studio\2022\Community\VC\Tools\MSVC\14.31.31103\include\xtree(1033): message : 컴파일되는 함수 템플릿 인스턴스화 'std::pair<std::_Tree_node<std::pair<const int,std::string>,std::_Default_allocator_traits<_Alloc>::void_pointer> *,bool> std::_Tree<std::_Tmap_traits<_Kty,_Ty,_Pr,_Alloc,false>>::_Emplace<unsigned __int64,std::string&>(unsigned __int64 &&,std::string &)'에 대한 참조를 확인하세요.
          with
          [
              _Alloc=std::allocator<std::pair<const int,std::string>>,
              _Kty=int,
              _Ty=std::string,
              _Pr=std::less<int>
          ]
C:\Program Files\Microsoft Visual Studio\2022\Community\VC\Tools\MSVC\14.31.31103\include\xtree(1034): message : 컴파일되는 함수 템플릿 인스턴스화 'std::pair<std::_Tree_node<std::pair<const int,std::string>,std::_Default_allocator_traits<_Alloc>::void_pointer> *,bool> std::_Tree<std::_Tmap_traits<_Kty,_Ty,_Pr,_Alloc,false>>::_Emplace<unsigned __int64,std::string&>(unsigned __int64 &&,std::string &)'에 대한 참조를 확인하세요.
          with
          [
              _Alloc=std::allocator<std::pair<const int,std::string>>,
              _Kty=int,
              _Ty=std::string,
              _Pr=std::less<int>
          ]
D:\C++\CppStudy\DataStructure\20230616_DataStructure\Pokemon.cpp(17): message : 컴파일되는 함수 템플릿 인스턴스화 'std::pair<std::_Tree_iterator<std::_Tree_val<std::_Tree_simple_types<std::pair<const int,std::string>>>>,bool> std::_Tree<std::_Tmap_traits<_Kty,_Ty,_Pr,_Alloc,false>>::emplace<unsigned __int64,std::string&>(unsigned __int64 &&,std::string &)'에 대한 참조를 확인하세요.
          with
          [
              _Kty=int,
              _Ty=std::string,
              _Pr=std::less<int>,
              _Alloc=std::allocator<std::pair<const int,std::string>>
          ]
D:\C++\CppStudy\DataStructure\20230616_DataStructure\Pokemon.cpp(17): message : 컴파일되는 함수 템플릿 인스턴스화 'std::pair<std::_Tree_iterator<std::_Tree_val<std::_Tree_simple_types<std::pair<const int,std::string>>>>,bool> std::_Tree<std::_Tmap_traits<_Kty,_Ty,_Pr,_Alloc,false>>::emplace<unsigned __int64,std::string&>(unsigned __int64 &&,std::string &)'에 대한 참조를 확인하세요.
          with
          [
              _Kty=int,
              _Ty=std::string,
              _Pr=std::less<int>,
              _Alloc=std::allocator<std::pair<const int,std::string>>
          ]
  20230616_DataStructure.vcxproj -> D:\C++\CppStudy\DataStructure\20230616_DataStructure\x64\Debug\20230616_DataStructure.exe
